<?xml version="1.0" encoding="UTF-8"?>
<!-- Generated by org.testng.reporters.JUnitReportReporter -->
<testsuite hostname="CBT-084" name="java8.AboutString" tests="3" failures="0" timestamp="13 Mar 2017 09:01:38 GMT" time="0.010" errors="0">
  <testcase name="createStringLiteral" time="0.001" classname="java8.AboutString"/>
  <testcase name="createStringNew" time="0.001" classname="java8.AboutString"/>
  <testcase name="createStringBuffer" time="0.008" classname="java8.AboutString"/>
</testsuite> <!-- java8.AboutString -->
